2017-04-26 12:47:59	::1	warning	2017-04-26 12:47:59	::1	[2]	require(D:/Victor/wamp64/www/vendor/autoload.php): failed to open stream: No such file or directory	D:\Victor\wamp64\www\jelix\WebChat\www\main\main.php	45
	/jelix/websocket/www/
array ( )

	0	require()	D:\Victor\wamp64\www\jelix\WebChat\www\main\main.php : 45
	1	include()	D:\Victor\wamp64\www\jelix\lib\jelix\core\response\jResponseBasicHtml.class.php : 238
	2	jResponseBasicHtml->output()	D:\Victor\wamp64\www\jelix\lib\jelix\core\jCoordinator.class.php : 234
	3	jCoordinator->process()	D:\Victor\wamp64\www\jelix\websocket\www\index.php : 19


2017-04-26 12:53:29	::1	warning	2017-04-26 12:53:29	::1	[2]	require(D:/Victor/wamp64/www/vendor/autoload.php): failed to open stream: No such file or directory	D:\Victor\wamp64\www\jelix\WebChat\www\main\main.php	45
	/jelix/websocket/www/
array ( )

	0	require()	D:\Victor\wamp64\www\jelix\WebChat\www\main\main.php : 45
	1	include()	D:\Victor\wamp64\www\jelix\lib\jelix\core\response\jResponseBasicHtml.class.php : 238
	2	jResponseBasicHtml->output()	D:\Victor\wamp64\www\jelix\lib\jelix\core\jCoordinator.class.php : 234
	3	jCoordinator->process()	D:\Victor\wamp64\www\jelix\websocket\www\index.php : 19


2017-04-26 12:57:03	::1	warning	2017-04-26 12:57:03	::1	[2]	require(D:/Victor/wamp64/www/vendor/autoload.php): failed to open stream: No such file or directory	D:\Victor\wamp64\www\jelix\WebChat\www\main\main.php	45
	/jelix/websocket/www/
array ( )

	0	require()	D:\Victor\wamp64\www\jelix\WebChat\www\main\main.php : 45
	1	include()	D:\Victor\wamp64\www\jelix\lib\jelix\core\response\jResponseBasicHtml.class.php : 238
	2	jResponseBasicHtml->output()	D:\Victor\wamp64\www\jelix\lib\jelix\core\jCoordinator.class.php : 234
	3	jCoordinator->process()	D:\Victor\wamp64\www\jelix\websocket\www\index.php : 19


2017-04-26 12:57:50	::1	warning	2017-04-26 12:57:50	::1	[2]	require(D:/Victor/wamp64/www/vendor/autoload.php): failed to open stream: No such file or directory	D:\Victor\wamp64\www\jelix\WebChat\www\main\main.php	45
	/jelix/websocket/www/
array ( )

	0	require()	D:\Victor\wamp64\www\jelix\WebChat\www\main\main.php : 45
	1	include()	D:\Victor\wamp64\www\jelix\lib\jelix\core\response\jResponseBasicHtml.class.php : 238
	2	jResponseBasicHtml->output()	D:\Victor\wamp64\www\jelix\lib\jelix\core\jCoordinator.class.php : 234
	3	jCoordinator->process()	D:\Victor\wamp64\www\jelix\websocket\www\index.php : 19


2017-04-26 13:07:02	::1	warning	2017-04-26 13:07:02	::1	[2]	require(D:/Victor/wamp64/www/vendor/autoload.php): failed to open stream: No such file or directory	D:\Victor\wamp64\www\jelix\WebChat\www\main\main.php	45
	/jelix/websocket/www/
array ( )

	0	require()	D:\Victor\wamp64\www\jelix\WebChat\www\main\main.php : 45
	1	include()	D:\Victor\wamp64\www\jelix\lib\jelix\core\response\jResponseBasicHtml.class.php : 238
	2	jResponseBasicHtml->output()	D:\Victor\wamp64\www\jelix\lib\jelix\core\jCoordinator.class.php : 234
	3	jCoordinator->process()	D:\Victor\wamp64\www\jelix\websocket\www\index.php : 19


2017-04-26 13:07:15	::1	warning	2017-04-26 13:07:15	::1	[2]	require(D:/Victor/wamp64/www/vendor/autoload.php): failed to open stream: No such file or directory	D:\Victor\wamp64\www\jelix\WebChat\www\main\main.php	45
	/jelix/websocket/www/
array ( )

	0	require()	D:\Victor\wamp64\www\jelix\WebChat\www\main\main.php : 45
	1	include()	D:\Victor\wamp64\www\jelix\lib\jelix\core\response\jResponseBasicHtml.class.php : 238
	2	jResponseBasicHtml->output()	D:\Victor\wamp64\www\jelix\lib\jelix\core\jCoordinator.class.php : 234
	3	jCoordinator->process()	D:\Victor\wamp64\www\jelix\websocket\www\index.php : 19


2017-04-26 13:12:14	::1	warning	2017-04-26 13:12:14	::1	[2]	require(D:/Victor/wamp64/www/vendor/autoload.php): failed to open stream: No such file or directory	D:\Victor\wamp64\www\jelix\WebChat\www\main\main.php	45
	/jelix/websocket/www/
array ( )

	0	require()	D:\Victor\wamp64\www\jelix\WebChat\www\main\main.php : 45
	1	include()	D:\Victor\wamp64\www\jelix\lib\jelix\core\response\jResponseBasicHtml.class.php : 238
	2	jResponseBasicHtml->output()	D:\Victor\wamp64\www\jelix\lib\jelix\core\jCoordinator.class.php : 234
	3	jCoordinator->process()	D:\Victor\wamp64\www\jelix\websocket\www\index.php : 19


2017-04-26 13:13:20	::1	warning	2017-04-26 13:13:20	::1	[2]	require(D:/Victor/wamp64/www/vendor/autoload.php): failed to open stream: No such file or directory	D:\Victor\wamp64\www\jelix\WebChat\www\main\main.php	45
	/jelix/websocket/www/
array ( )

	0	require()	D:\Victor\wamp64\www\jelix\WebChat\www\main\main.php : 45
	1	include()	D:\Victor\wamp64\www\jelix\lib\jelix\core\response\jResponseBasicHtml.class.php : 238
	2	jResponseBasicHtml->output()	D:\Victor\wamp64\www\jelix\lib\jelix\core\jCoordinator.class.php : 234
	3	jCoordinator->process()	D:\Victor\wamp64\www\jelix\websocket\www\index.php : 19


2017-04-26 13:13:55	::1	warning	2017-04-26 13:13:55	::1	[2]	require(D:/Victor/wamp64/www/vendor/autoload.php): failed to open stream: No such file or directory	D:\Victor\wamp64\www\jelix\WebChat\www\main\main.php	45
	/jelix/websocket/www/
array ( )

	0	require()	D:\Victor\wamp64\www\jelix\WebChat\www\main\main.php : 45
	1	include()	D:\Victor\wamp64\www\jelix\lib\jelix\core\response\jResponseBasicHtml.class.php : 238
	2	jResponseBasicHtml->output()	D:\Victor\wamp64\www\jelix\lib\jelix\core\jCoordinator.class.php : 234
	3	jCoordinator->process()	D:\Victor\wamp64\www\jelix\websocket\www\index.php : 19


2017-04-26 13:15:36	::1	warning	2017-04-26 13:15:36	::1	[2]	require(D:/Victor/wamp64/www/vendor/autoload.php): failed to open stream: No such file or directory	D:\Victor\wamp64\www\jelix\WebChat\www\main\main.php	45
	/jelix/websocket/www/
array ( )

	0	require()	D:\Victor\wamp64\www\jelix\WebChat\www\main\main.php : 45
	1	include()	D:\Victor\wamp64\www\jelix\lib\jelix\core\response\jResponseBasicHtml.class.php : 238
	2	jResponseBasicHtml->output()	D:\Victor\wamp64\www\jelix\lib\jelix\core\jCoordinator.class.php : 234
	3	jCoordinator->process()	D:\Victor\wamp64\www\jelix\websocket\www\index.php : 19


2017-04-26 13:16:02	::1	warning	2017-04-26 13:16:02	::1	[2]	require(D:/Victor/wamp64/www/vendor/autoload.php): failed to open stream: No such file or directory	D:\Victor\wamp64\www\jelix\WebChat\www\main\main.php	45
	/jelix/websocket/www/
array ( )

	0	require()	D:\Victor\wamp64\www\jelix\WebChat\www\main\main.php : 45
	1	include()	D:\Victor\wamp64\www\jelix\lib\jelix\core\response\jResponseBasicHtml.class.php : 238
	2	jResponseBasicHtml->output()	D:\Victor\wamp64\www\jelix\lib\jelix\core\jCoordinator.class.php : 234
	3	jCoordinator->process()	D:\Victor\wamp64\www\jelix\websocket\www\index.php : 19


2017-04-26 13:16:53	::1	warning	2017-04-26 13:16:53	::1	[2]	require(D:/Victor/wamp64/www/vendor/autoload.php): failed to open stream: No such file or directory	D:\Victor\wamp64\www\jelix\WebChat\www\main\main.php	45
	/jelix/websocket/www/
array ( )

	0	require()	D:\Victor\wamp64\www\jelix\WebChat\www\main\main.php : 45
	1	include()	D:\Victor\wamp64\www\jelix\lib\jelix\core\response\jResponseBasicHtml.class.php : 238
	2	jResponseBasicHtml->output()	D:\Victor\wamp64\www\jelix\lib\jelix\core\jCoordinator.class.php : 234
	3	jCoordinator->process()	D:\Victor\wamp64\www\jelix\websocket\www\index.php : 19


2017-04-26 13:17:13	::1	warning	2017-04-26 13:17:13	::1	[2]	require(D:/Victor/wamp64/www/vendor/autoload.php): failed to open stream: No such file or directory	D:\Victor\wamp64\www\jelix\WebChat\www\main\main.php	45
	/jelix/websocket/www/
array ( )

	0	require()	D:\Victor\wamp64\www\jelix\WebChat\www\main\main.php : 45
	1	include()	D:\Victor\wamp64\www\jelix\lib\jelix\core\response\jResponseBasicHtml.class.php : 238
	2	jResponseBasicHtml->output()	D:\Victor\wamp64\www\jelix\lib\jelix\core\jCoordinator.class.php : 234
	3	jCoordinator->process()	D:\Victor\wamp64\www\jelix\websocket\www\index.php : 19


2017-04-26 13:18:03	::1	warning	2017-04-26 13:18:03	::1	[2]	require(D:/Victor/wamp64/www/vendor/autoload.php): failed to open stream: No such file or directory	D:\Victor\wamp64\www\jelix\WebChat\www\main\main.php	45
	/jelix/websocket/www/
array ( )

	0	require()	D:\Victor\wamp64\www\jelix\WebChat\www\main\main.php : 45
	1	include()	D:\Victor\wamp64\www\jelix\lib\jelix\core\response\jResponseBasicHtml.class.php : 238
	2	jResponseBasicHtml->output()	D:\Victor\wamp64\www\jelix\lib\jelix\core\jCoordinator.class.php : 234
	3	jCoordinator->process()	D:\Victor\wamp64\www\jelix\websocket\www\index.php : 19


2017-04-26 13:18:21	::1	warning	2017-04-26 13:18:21	::1	[2]	require(D:/Victor/wamp64/www/vendor/autoload.php): failed to open stream: No such file or directory	D:\Victor\wamp64\www\jelix\WebChat\www\main\main.php	45
	/jelix/websocket/www/
array ( )

	0	require()	D:\Victor\wamp64\www\jelix\WebChat\www\main\main.php : 45
	1	include()	D:\Victor\wamp64\www\jelix\lib\jelix\core\response\jResponseBasicHtml.class.php : 238
	2	jResponseBasicHtml->output()	D:\Victor\wamp64\www\jelix\lib\jelix\core\jCoordinator.class.php : 234
	3	jCoordinator->process()	D:\Victor\wamp64\www\jelix\websocket\www\index.php : 19


2017-04-26 13:18:35	::1	warning	2017-04-26 13:18:35	::1	[2]	require(D:/Victor/wamp64/www/vendor/autoload.php): failed to open stream: No such file or directory	D:\Victor\wamp64\www\jelix\WebChat\www\main\main.php	45
	/jelix/websocket/www/
array ( )

	0	require()	D:\Victor\wamp64\www\jelix\WebChat\www\main\main.php : 45
	1	include()	D:\Victor\wamp64\www\jelix\lib\jelix\core\response\jResponseBasicHtml.class.php : 238
	2	jResponseBasicHtml->output()	D:\Victor\wamp64\www\jelix\lib\jelix\core\jCoordinator.class.php : 234
	3	jCoordinator->process()	D:\Victor\wamp64\www\jelix\websocket\www\index.php : 19


2017-04-26 13:18:40	::1	warning	2017-04-26 13:18:40	::1	[2]	require(D:/Victor/wamp64/www/vendor/autoload.php): failed to open stream: No such file or directory	D:\Victor\wamp64\www\jelix\WebChat\www\main\main.php	45
	/jelix/websocket/www/
array ( )

	0	require()	D:\Victor\wamp64\www\jelix\WebChat\www\main\main.php : 45
	1	include()	D:\Victor\wamp64\www\jelix\lib\jelix\core\response\jResponseBasicHtml.class.php : 238
	2	jResponseBasicHtml->output()	D:\Victor\wamp64\www\jelix\lib\jelix\core\jCoordinator.class.php : 234
	3	jCoordinator->process()	D:\Victor\wamp64\www\jelix\websocket\www\index.php : 19


2017-04-26 13:18:42	::1	warning	2017-04-26 13:18:42	::1	[2]	require(D:/Victor/wamp64/www/vendor/autoload.php): failed to open stream: No such file or directory	D:\Victor\wamp64\www\jelix\WebChat\www\main\main.php	45
	/jelix/websocket/www/
array ( )

	0	require()	D:\Victor\wamp64\www\jelix\WebChat\www\main\main.php : 45
	1	include()	D:\Victor\wamp64\www\jelix\lib\jelix\core\response\jResponseBasicHtml.class.php : 238
	2	jResponseBasicHtml->output()	D:\Victor\wamp64\www\jelix\lib\jelix\core\jCoordinator.class.php : 234
	3	jCoordinator->process()	D:\Victor\wamp64\www\jelix\websocket\www\index.php : 19


2017-04-26 13:19:26	::1	warning	2017-04-26 13:19:26	::1	[2]	require(D:/Victor/wamp64/www/vendor/autoload.php): failed to open stream: No such file or directory	D:\Victor\wamp64\www\jelix\WebChat\www\main\main.php	45
	/jelix/websocket/www/
array ( )

	0	require()	D:\Victor\wamp64\www\jelix\WebChat\www\main\main.php : 45
	1	include()	D:\Victor\wamp64\www\jelix\lib\jelix\core\response\jResponseBasicHtml.class.php : 238
	2	jResponseBasicHtml->output()	D:\Victor\wamp64\www\jelix\lib\jelix\core\jCoordinator.class.php : 234
	3	jCoordinator->process()	D:\Victor\wamp64\www\jelix\websocket\www\index.php : 19


2017-04-26 13:20:18	::1	warning	2017-04-26 13:20:18	::1	[2]	require(D:/Victor/wamp64/www/vendor/autoload.php): failed to open stream: No such file or directory	D:\Victor\wamp64\www\jelix\websocket\www\main\main.php	41
	/jelix/websocket/www/
array ( )

	0	require()	D:\Victor\wamp64\www\jelix\websocket\www\main\main.php : 41
	1	include()	D:\Victor\wamp64\www\jelix\lib\jelix\core\response\jResponseBasicHtml.class.php : 238
	2	jResponseBasicHtml->output()	D:\Victor\wamp64\www\jelix\lib\jelix\core\jCoordinator.class.php : 234
	3	jCoordinator->process()	D:\Victor\wamp64\www\jelix\websocket\www\index.php : 19


2017-04-26 13:20:31	::1	warning	2017-04-26 13:20:31	::1	[2]	require(D:/Victor/wamp64/www/vendor/autoload.php): failed to open stream: No such file or directory	D:\Victor\wamp64\www\jelix\websocket\www\main\main.php	42
	/jelix/websocket/www/
array ( )

	0	require()	D:\Victor\wamp64\www\jelix\websocket\www\main\main.php : 42
	1	include()	D:\Victor\wamp64\www\jelix\lib\jelix\core\response\jResponseBasicHtml.class.php : 238
	2	jResponseBasicHtml->output()	D:\Victor\wamp64\www\jelix\lib\jelix\core\jCoordinator.class.php : 234
	3	jCoordinator->process()	D:\Victor\wamp64\www\jelix\websocket\www\index.php : 19


2017-04-26 13:22:17	::1	warning	2017-04-26 13:22:17	::1	[2]	require(/vendor/autoload.php): failed to open stream: No such file or directory	D:\Victor\wamp64\www\jelix\websocket\www\main\main.php	42
	/jelix/websocket/www/
array ( )

	0	require()	D:\Victor\wamp64\www\jelix\websocket\www\main\main.php : 42
	1	include()	D:\Victor\wamp64\www\jelix\lib\jelix\core\response\jResponseBasicHtml.class.php : 238
	2	jResponseBasicHtml->output()	D:\Victor\wamp64\www\jelix\lib\jelix\core\jCoordinator.class.php : 234
	3	jCoordinator->process()	D:\Victor\wamp64\www\jelix\websocket\www\index.php : 19


2017-04-26 13:23:12	::1	warning	2017-04-26 13:23:12	::1	[2]	require(/jelix/websocket/www//vendor/autoload.php): failed to open stream: No such file or directory	D:\Victor\wamp64\www\jelix\websocket\www\main\main.php	42
	/jelix/websocket/www/
array ( )

	0	require()	D:\Victor\wamp64\www\jelix\websocket\www\main\main.php : 42
	1	include()	D:\Victor\wamp64\www\jelix\lib\jelix\core\response\jResponseBasicHtml.class.php : 238
	2	jResponseBasicHtml->output()	D:\Victor\wamp64\www\jelix\lib\jelix\core\jCoordinator.class.php : 234
	3	jCoordinator->process()	D:\Victor\wamp64\www\jelix\websocket\www\index.php : 19


2017-04-26 13:24:10	::1	notice	2017-04-26 13:24:10	::1	[8]	Undefined index: category	D:\Victor\wamp64\www\jelix\websocket\www\main\main.php	46
	/jelix/websocket/www/
array ( )

	0	include()	D:\Victor\wamp64\www\jelix\lib\jelix\core\response\jResponseBasicHtml.class.php : 238
	1	jResponseBasicHtml->output()	D:\Victor\wamp64\www\jelix\lib\jelix\core\jCoordinator.class.php : 234
	2	jCoordinator->process()	D:\Victor\wamp64\www\jelix\websocket\www\index.php : 19


2017-04-26 13:24:10	::1	notice	2017-04-26 13:24:10	::1	[8]	Undefined index: title	D:\Victor\wamp64\www\jelix\websocket\www\main\main.php	47
	/jelix/websocket/www/
array ( )

	0	include()	D:\Victor\wamp64\www\jelix\lib\jelix\core\response\jResponseBasicHtml.class.php : 238
	1	jResponseBasicHtml->output()	D:\Victor\wamp64\www\jelix\lib\jelix\core\jCoordinator.class.php : 234
	2	jCoordinator->process()	D:\Victor\wamp64\www\jelix\websocket\www\index.php : 19


2017-04-26 13:24:10	::1	notice	2017-04-26 13:24:10	::1	[8]	Undefined index: article	D:\Victor\wamp64\www\jelix\websocket\www\main\main.php	48
	/jelix/websocket/www/
array ( )

	0	include()	D:\Victor\wamp64\www\jelix\lib\jelix\core\response\jResponseBasicHtml.class.php : 238
	1	jResponseBasicHtml->output()	D:\Victor\wamp64\www\jelix\lib\jelix\core\jCoordinator.class.php : 234
	2	jCoordinator->process()	D:\Victor\wamp64\www\jelix\websocket\www\index.php : 19


2017-04-26 13:24:10	::1	notice	2017-04-26 13:24:10	::1	[8]	Undefined variable: pdo	D:\Victor\wamp64\www\jelix\websocket\www\main\main.php	52
	/jelix/websocket/www/
array ( )

	0	include()	D:\Victor\wamp64\www\jelix\lib\jelix\core\response\jResponseBasicHtml.class.php : 238
	1	jResponseBasicHtml->output()	D:\Victor\wamp64\www\jelix\lib\jelix\core\jCoordinator.class.php : 234
	2	jCoordinator->process()	D:\Victor\wamp64\www\jelix\websocket\www\index.php : 19


2017-04-26 13:25:57	::1	notice	2017-04-26 13:25:57	::1	[8]	Undefined index: category	D:\Victor\wamp64\www\jelix\websocket\www\main\main.php	46
	/jelix/websocket/www/
array ( )

	0	include()	D:\Victor\wamp64\www\jelix\lib\jelix\core\response\jResponseBasicHtml.class.php : 238
	1	jResponseBasicHtml->output()	D:\Victor\wamp64\www\jelix\lib\jelix\core\jCoordinator.class.php : 234
	2	jCoordinator->process()	D:\Victor\wamp64\www\jelix\websocket\www\index.php : 19


2017-04-26 13:25:57	::1	notice	2017-04-26 13:25:57	::1	[8]	Undefined index: title	D:\Victor\wamp64\www\jelix\websocket\www\main\main.php	47
	/jelix/websocket/www/
array ( )

	0	include()	D:\Victor\wamp64\www\jelix\lib\jelix\core\response\jResponseBasicHtml.class.php : 238
	1	jResponseBasicHtml->output()	D:\Victor\wamp64\www\jelix\lib\jelix\core\jCoordinator.class.php : 234
	2	jCoordinator->process()	D:\Victor\wamp64\www\jelix\websocket\www\index.php : 19


2017-04-26 13:25:57	::1	notice	2017-04-26 13:25:57	::1	[8]	Undefined index: article	D:\Victor\wamp64\www\jelix\websocket\www\main\main.php	48
	/jelix/websocket/www/
array ( )

	0	include()	D:\Victor\wamp64\www\jelix\lib\jelix\core\response\jResponseBasicHtml.class.php : 238
	1	jResponseBasicHtml->output()	D:\Victor\wamp64\www\jelix\lib\jelix\core\jCoordinator.class.php : 234
	2	jCoordinator->process()	D:\Victor\wamp64\www\jelix\websocket\www\index.php : 19


2017-04-26 13:25:57	::1	notice	2017-04-26 13:25:57	::1	[8]	Undefined variable: pdo	D:\Victor\wamp64\www\jelix\websocket\www\main\main.php	52
	/jelix/websocket/www/
array ( )

	0	include()	D:\Victor\wamp64\www\jelix\lib\jelix\core\response\jResponseBasicHtml.class.php : 238
	1	jResponseBasicHtml->output()	D:\Victor\wamp64\www\jelix\lib\jelix\core\jCoordinator.class.php : 234
	2	jCoordinator->process()	D:\Victor\wamp64\www\jelix\websocket\www\index.php : 19


2017-04-26 13:30:25	::1	notice	2017-04-26 13:30:25	::1	[8]	Undefined index: category	D:\Victor\wamp64\www\jelix\websocket\www\main\main.php	46
	/jelix/websocket/www/
array ( )

	0	include()	D:\Victor\wamp64\www\jelix\lib\jelix\core\response\jResponseBasicHtml.class.php : 238
	1	jResponseBasicHtml->output()	D:\Victor\wamp64\www\jelix\lib\jelix\core\jCoordinator.class.php : 234
	2	jCoordinator->process()	D:\Victor\wamp64\www\jelix\websocket\www\index.php : 19


2017-04-26 13:30:25	::1	notice	2017-04-26 13:30:25	::1	[8]	Undefined index: title	D:\Victor\wamp64\www\jelix\websocket\www\main\main.php	47
	/jelix/websocket/www/
array ( )

	0	include()	D:\Victor\wamp64\www\jelix\lib\jelix\core\response\jResponseBasicHtml.class.php : 238
	1	jResponseBasicHtml->output()	D:\Victor\wamp64\www\jelix\lib\jelix\core\jCoordinator.class.php : 234
	2	jCoordinator->process()	D:\Victor\wamp64\www\jelix\websocket\www\index.php : 19


2017-04-26 13:30:25	::1	notice	2017-04-26 13:30:25	::1	[8]	Undefined index: article	D:\Victor\wamp64\www\jelix\websocket\www\main\main.php	48
	/jelix/websocket/www/
array ( )

	0	include()	D:\Victor\wamp64\www\jelix\lib\jelix\core\response\jResponseBasicHtml.class.php : 238
	1	jResponseBasicHtml->output()	D:\Victor\wamp64\www\jelix\lib\jelix\core\jCoordinator.class.php : 234
	2	jCoordinator->process()	D:\Victor\wamp64\www\jelix\websocket\www\index.php : 19


2017-04-26 13:33:26	::1	notice	2017-04-26 13:33:26	::1	[8]	Undefined index: category	D:\Victor\wamp64\www\jelix\websocket\www\main\main.php	46
	/jelix/websocket/www/
array ( )

	0	include()	D:\Victor\wamp64\www\jelix\lib\jelix\core\response\jResponseBasicHtml.class.php : 238
	1	jResponseBasicHtml->output()	D:\Victor\wamp64\www\jelix\lib\jelix\core\jCoordinator.class.php : 234
	2	jCoordinator->process()	D:\Victor\wamp64\www\jelix\websocket\www\index.php : 19


2017-04-26 13:33:26	::1	notice	2017-04-26 13:33:26	::1	[8]	Undefined index: title	D:\Victor\wamp64\www\jelix\websocket\www\main\main.php	47
	/jelix/websocket/www/
array ( )

	0	include()	D:\Victor\wamp64\www\jelix\lib\jelix\core\response\jResponseBasicHtml.class.php : 238
	1	jResponseBasicHtml->output()	D:\Victor\wamp64\www\jelix\lib\jelix\core\jCoordinator.class.php : 234
	2	jCoordinator->process()	D:\Victor\wamp64\www\jelix\websocket\www\index.php : 19


2017-04-26 13:33:26	::1	notice	2017-04-26 13:33:26	::1	[8]	Undefined index: article	D:\Victor\wamp64\www\jelix\websocket\www\main\main.php	48
	/jelix/websocket/www/
array ( )

	0	include()	D:\Victor\wamp64\www\jelix\lib\jelix\core\response\jResponseBasicHtml.class.php : 238
	1	jResponseBasicHtml->output()	D:\Victor\wamp64\www\jelix\lib\jelix\core\jCoordinator.class.php : 234
	2	jCoordinator->process()	D:\Victor\wamp64\www\jelix\websocket\www\index.php : 19


